# JRE version: OpenJDK Runtime Environment (11.0.8+10) (build 11.0.8+10-post-Ubuntu-0ubuntu118.04.1)
# Java VM: OpenJDK 64-Bit Server VM (11.0.8+10-post-Ubuntu-0ubuntu118.04.1, mixed mode, sharing, tiered, compressed oops, parallel gc, linux-amd64)
Heap:
 PSYoungGen      total 41472K, used 1707K [0x00000000eab00000, 0x00000000ede80000, 0x0000000100000000)
  eden space 34304K, 0% used [0x00000000eab00000,0x00000000eab00000,0x00000000ecc80000)
  from space 7168K, 23% used [0x00000000ed780000,0x00000000ed92ac70,0x00000000ede80000)
  to   space 9216K, 0% used [0x00000000ecc80000,0x00000000ecc80000,0x00000000ed580000)
 ParOldGen       total 186368K, used 186045K [0x00000000c0000000, 0x00000000cb600000, 0x00000000eab00000)
  object space 186368K, 99% used [0x00000000c0000000,0x00000000cb5af550,0x00000000cb600000)
 Metaspace       used 41429K, capacity 43765K, committed 44032K, reserved 1087488K
  class space    used 4419K, capacity 5258K, committed 5376K, reserved 1048576K
GC Heap History (20 events):
Event: 15.541 GC heap after
{Heap after GC invocations=51 (full 4):
 PSYoungGen      total 23040K, used 6646K [0x00000000eab00000, 0x00000000ed200000, 0x0000000100000000)
  eden space 16384K, 0% used [0x00000000eab00000,0x00000000eab00000,0x00000000ebb00000)
  from space 6656K, 99% used [0x00000000ebb00000,0x00000000ec17da28,0x00000000ec180000)
  to   space 10752K, 0% used [0x00000000ec780000,0x00000000ec780000,0x00000000ed200000)
 ParOldGen       total 186368K, used 137803K [0x00000000c0000000, 0x00000000cb600000, 0x00000000eab00000)
  object space 186368K, 73% used [0x00000000c0000000,0x00000000c8692f00,0x00000000cb600000)
 Metaspace       used 41392K, capacity 43700K, committed 44032K, reserved 1087488K
  class space    used 4415K, capacity 5258K, committed 5376K, reserved 1048576K
}
Event: 15.629 GC heap before
{Heap before GC invocations=52 (full 4):
 PSYoungGen      total 23040K, used 23030K [0x00000000eab00000, 0x00000000ed200000, 0x0000000100000000)
  eden space 16384K, 100% used [0x00000000eab00000,0x00000000ebb00000,0x00000000ebb00000)
  from space 6656K, 99% used [0x00000000ebb00000,0x00000000ec17da28,0x00000000ec180000)
  to   space 10752K, 0% used [0x00000000ec780000,0x00000000ec780000,0x00000000ed200000)
 ParOldGen       total 186368K, used 137803K [0x00000000c0000000, 0x00000000cb600000, 0x00000000eab00000)
  object space 186368K, 73% used [0x00000000c0000000,0x00000000c8692f00,0x00000000cb600000)
 Metaspace       used 41412K, capacity 43764K, committed 44032K, reserved 1087488K
  class space    used 4419K, capacity 5258K, committed 5376K, reserved 1048576K
}
Event: 15.651 GC heap after
{Heap after GC invocations=52 (full 4):
 PSYoungGen      total 23040K, used 4009K [0x00000000eab00000, 0x00000000ecb80000, 0x0000000100000000)
  eden space 18944K, 0% used [0x00000000eab00000,0x00000000eab00000,0x00000000ebd80000)
  from space 4096K, 97% used [0x00000000ec780000,0x00000000ecb6a578,0x00000000ecb80000)
  to   space 6144K, 0% used [0x00000000ebf80000,0x00000000ebf80000,0x00000000ec580000)
 ParOldGen       total 186368K, used 144259K [0x00000000c0000000, 0x00000000cb600000, 0x00000000eab00000)
  object space 186368K, 77% used [0x00000000c0000000,0x00000000c8ce0df0,0x00000000cb600000)
 Metaspace       used 41412K, capacity 43764K, committed 44032K, reserved 1087488K
  class space    used 4419K, capacity 5258K, committed 5376K, reserved 1048576K
}
Event: 15.735 GC heap before
{Heap before GC invocations=53 (full 4):
 PSYoungGen      total 23040K, used 22953K [0x00000000eab00000, 0x00000000ecb80000, 0x0000000100000000)
  eden space 18944K, 100% used [0x00000000eab00000,0x00000000ebd80000,0x00000000ebd80000)
  from space 4096K, 97% used [0x00000000ec780000,0x00000000ecb6a578,0x00000000ecb80000)
  to   space 6144K, 0% used [0x00000000ebf80000,0x00000000ebf80000,0x00000000ec580000)
 ParOldGen       total 186368K, used 144259K [0x00000000c0000000, 0x00000000cb600000, 0x00000000eab00000)
  object space 186368K, 77% used [0x00000000c0000000,0x00000000c8ce0df0,0x00000000cb600000)
 Metaspace       used 41415K, capacity 43764K, committed 44032K, reserved 1087488K
  class space    used 4419K, capacity 5258K, committed 5376K, reserved 1048576K
}
Event: 15.745 GC heap after
{Heap after GC invocations=53 (full 4):
 PSYoungGen      total 25600K, used 4447K [0x00000000eab00000, 0x00000000eca00000, 0x0000000100000000)
  eden space 20992K, 0% used [0x00000000eab00000,0x00000000eab00000,0x00000000ebf80000)
  from space 4608K, 96% used [0x00000000ebf80000,0x00000000ec3d7d78,0x00000000ec400000)
  to   space 5120K, 0% used [0x00000000ec500000,0x00000000ec500000,0x00000000eca00000)
 ParOldGen       total 186368K, used 148095K [0x00000000c0000000, 0x00000000cb600000, 0x00000000eab00000)
  object space 186368K, 79% used [0x00000000c0000000,0x00000000c909fdb8,0x00000000cb600000)
 Metaspace       used 41415K, capacity 43764K, committed 44032K, reserved 1087488K
  class space    used 4419K, capacity 5258K, committed 5376K, reserved 1048576K
}
Event: 15.840 GC heap before
{Heap before GC invocations=54 (full 4):
 PSYoungGen      total 25600K, used 25439K [0x00000000eab00000, 0x00000000eca00000, 0x0000000100000000)
  eden space 20992K, 100% used [0x00000000eab00000,0x00000000ebf80000,0x00000000ebf80000)
  from space 4608K, 96% used [0x00000000ebf80000,0x00000000ec3d7d78,0x00000000ec400000)
  to   space 5120K, 0% used [0x00000000ec500000,0x00000000ec500000,0x00000000eca00000)
 ParOldGen       total 186368K, used 148095K [0x00000000c0000000, 0x00000000cb600000, 0x00000000eab00000)
  object space 186368K, 79% used [0x00000000c0000000,0x00000000c909fdb8,0x00000000cb600000)
 Metaspace       used 41415K, capacity 43764K, committed 44032K, reserved 1087488K
  class space    used 4419K, capacity 5258K, committed 5376K, reserved 1048576K
}
Event: 15.855 GC heap after
{Heap after GC invocations=54 (full 4):
 PSYoungGen      total 26624K, used 4974K [0x00000000eab00000, 0x00000000ecc00000, 0x0000000100000000)
  eden space 21504K, 0% used [0x00000000eab00000,0x00000000eab00000,0x00000000ec000000)
  from space 5120K, 97% used [0x00000000ec500000,0x00000000ec9db938,0x00000000eca00000)
  to   space 5120K, 0% used [0x00000000ec000000,0x00000000ec000000,0x00000000ec500000)
 ParOldGen       total 186368K, used 152419K [0x00000000c0000000, 0x00000000cb600000, 0x00000000eab00000)
  object space 186368K, 81% used [0x00000000c0000000,0x00000000c94d8f70,0x00000000cb600000)
 Metaspace       used 41415K, capacity 43764K, committed 44032K, reserved 1087488K
  class space    used 4419K, capacity 5258K, committed 5376K, reserved 1048576K
}
Event: 15.974 GC heap before
{Heap before GC invocations=55 (full 4):
 PSYoungGen      total 26624K, used 26478K [0x00000000eab00000, 0x00000000ecc00000, 0x0000000100000000)
  eden space 21504K, 100% used [0x00000000eab00000,0x00000000ec000000,0x00000000ec000000)
  from space 5120K, 97% used [0x00000000ec500000,0x00000000ec9db938,0x00000000eca00000)
  to   space 5120K, 0% used [0x00000000ec000000,0x00000000ec000000,0x00000000ec500000)
 ParOldGen       total 186368K, used 152419K [0x00000000c0000000, 0x00000000cb600000, 0x00000000eab00000)
  object space 186368K, 81% used [0x00000000c0000000,0x00000000c94d8f70,0x00000000cb600000)
 Metaspace       used 41421K, capacity 43764K, committed 44032K, reserved 1087488K
  class space    used 4419K, capacity 5258K, committed 5376K, reserved 1048576K
}
Event: 15.985 GC heap after
{Heap after GC invocations=55 (full 4):
 PSYoungGen      total 26624K, used 5111K [0x00000000eab00000, 0x00000000ed780000, 0x0000000100000000)
  eden space 21504K, 0% used [0x00000000eab00000,0x00000000eab00000,0x00000000ec000000)
  from space 5120K, 99% used [0x00000000ec000000,0x00000000ec4fdf40,0x00000000ec500000)
  to   space 10752K, 0% used [0x00000000ecd00000,0x00000000ecd00000,0x00000000ed780000)
 ParOldGen       total 186368K, used 156813K [0x00000000c0000000, 0x00000000cb600000, 0x00000000eab00000)
  object space 186368K, 84% used [0x00000000c0000000,0x00000000c99235d8,0x00000000cb600000)
 Metaspace       used 41421K, capacity 43764K, committed 44032K, reserved 1087488K
  class space    used 4419K, capacity 5258K, committed 5376K, reserved 1048576K
}
Event: 16.143 GC heap before
{Heap before GC invocations=56 (full 4):
 PSYoungGen      total 26624K, used 26073K [0x00000000eab00000, 0x00000000ed780000, 0x0000000100000000)
  eden space 21504K, 97% used [0x00000000eab00000,0x00000000ebf784f0,0x00000000ec000000)
  from space 5120K, 99% used [0x00000000ec000000,0x00000000ec4fdf40,0x00000000ec500000)
  to   space 10752K, 0% used [0x00000000ecd00000,0x00000000ecd00000,0x00000000ed780000)
 ParOldGen       total 186368K, used 156813K [0x00000000c0000000, 0x00000000cb600000, 0x00000000eab00000)
  object space 186368K, 84% used [0x00000000c0000000,0x00000000c99235d8,0x00000000cb600000)
 Metaspace       used 41421K, capacity 43764K, committed 44032K, reserved 1087488K
  class space    used 4419K, capacity 5258K, committed 5376K, reserved 1048576K
}
Event: 16.166 GC heap after
{Heap after GC invocations=56 (full 4):
 PSYoungGen      total 28672K, used 4337K [0x00000000eab00000, 0x00000000ed180000, 0x0000000100000000)
  eden space 24064K, 0% used [0x00000000eab00000,0x00000000eab00000,0x00000000ec280000)
  from space 4608K, 94% used [0x00000000ecd00000,0x00000000ed13c620,0x00000000ed180000)
  to   space 6656K, 0% used [0x00000000ec480000,0x00000000ec480000,0x00000000ecb00000)
 ParOldGen       total 186368K, used 161712K [0x00000000c0000000, 0x00000000cb600000, 0x00000000eab00000)
  object space 186368K, 86% used [0x00000000c0000000,0x00000000c9dec028,0x00000000cb600000)
 Metaspace       used 41421K, capacity 43764K, committed 44032K, reserved 1087488K
  class space    used 4419K, capacity 5258K, committed 5376K, reserved 1048576K
}
Event: 16.334 GC heap before
{Heap before GC invocations=57 (full 4):
 PSYoungGen      total 28672K, used 28401K [0x00000000eab00000, 0x00000000ed180000, 0x0000000100000000)
  eden space 24064K, 100% used [0x00000000eab00000,0x00000000ec280000,0x00000000ec280000)
  from space 4608K, 94% used [0x00000000ecd00000,0x00000000ed13c620,0x00000000ed180000)
  to   space 6656K, 0% used [0x00000000ec480000,0x00000000ec480000,0x00000000ecb00000)
 ParOldGen       total 186368K, used 161712K [0x00000000c0000000, 0x00000000cb600000, 0x00000000eab00000)
  object space 186368K, 86% used [0x00000000c0000000,0x00000000c9dec028,0x00000000cb600000)
 Metaspace       used 41422K, capacity 43765K, committed 44032K, reserved 1087488K
  class space    used 4419K, capacity 5258K, committed 5376K, reserved 1048576K
}
Event: 16.350 GC heap after
{Heap after GC invocations=57 (full 4):
 PSYoungGen      total 32768K, used 6645K [0x00000000eab00000, 0x00000000ee000000, 0x0000000100000000)
  eden space 26112K, 0% used [0x00000000eab00000,0x00000000eab00000,0x00000000ec480000)
  from space 6656K, 99% used [0x00000000ec480000,0x00000000ecafd700,0x00000000ecb00000)
  to   space 13824K, 0% used [0x00000000ed280000,0x00000000ed280000,0x00000000ee000000)
 ParOldGen       total 186368K, used 167038K [0x00000000c0000000, 0x00000000cb600000, 0x00000000eab00000)
  object space 186368K, 89% used [0x00000000c0000000,0x00000000ca31f960,0x00000000cb600000)
 Metaspace       used 41422K, capacity 43765K, committed 44032K, reserved 1087488K
  class space    used 4419K, capacity 5258K, committed 5376K, reserved 1048576K
}
Event: 16.510 GC heap before
{Heap before GC invocations=58 (full 4):
 PSYoungGen      total 32768K, used 32757K [0x00000000eab00000, 0x00000000ee000000, 0x0000000100000000)
  eden space 26112K, 100% used [0x00000000eab00000,0x00000000ec480000,0x00000000ec480000)
  from space 6656K, 99% used [0x00000000ec480000,0x00000000ecafd700,0x00000000ecb00000)
  to   space 13824K, 0% used [0x00000000ed280000,0x00000000ed280000,0x00000000ee000000)
 ParOldGen       total 186368K, used 167038K [0x00000000c0000000, 0x00000000cb600000, 0x00000000eab00000)
  object space 186368K, 89% used [0x00000000c0000000,0x00000000ca31f960,0x00000000cb600000)
 Metaspace       used 41423K, capacity 43765K, committed 44032K, reserved 1087488K
  class space    used 4419K, capacity 5258K, committed 5376K, reserved 1048576K
}
Event: 16.555 GC heap after
{Heap after GC invocations=58 (full 4):
 PSYoungGen      total 35328K, used 5739K [0x00000000eab00000, 0x00000000ed880000, 0x0000000100000000)
  eden space 29184K, 0% used [0x00000000eab00000,0x00000000eab00000,0x00000000ec780000)
  from space 6144K, 93% used [0x00000000ed280000,0x00000000ed81ace0,0x00000000ed880000)
  to   space 8192K, 0% used [0x00000000ec880000,0x00000000ec880000,0x00000000ed080000)
 ParOldGen       total 186368K, used 173676K [0x00000000c0000000, 0x00000000cb600000, 0x00000000eab00000)
  object space 186368K, 93% used [0x00000000c0000000,0x00000000ca99b208,0x00000000cb600000)
 Metaspace       used 41423K, capacity 43765K, committed 44032K, reserved 1087488K
  class space    used 4419K, capacity 5258K, committed 5376K, reserved 1048576K
}
Event: 16.937 GC heap before
{Heap before GC invocations=59 (full 4):
 PSYoungGen      total 35328K, used 34923K [0x00000000eab00000, 0x00000000ed880000, 0x0000000100000000)
  eden space 29184K, 100% used [0x00000000eab00000,0x00000000ec780000,0x00000000ec780000)
  from space 6144K, 93% used [0x00000000ed280000,0x00000000ed81ace0,0x00000000ed880000)
  to   space 8192K, 0% used [0x00000000ec880000,0x00000000ec880000,0x00000000ed080000)
 ParOldGen       total 186368K, used 173676K [0x00000000c0000000, 0x00000000cb600000, 0x00000000eab00000)
  object space 186368K, 93% used [0x00000000c0000000,0x00000000ca99b208,0x00000000cb600000)
 Metaspace       used 41429K, capacity 43765K, committed 44032K, reserved 1087488K
  class space    used 4419K, capacity 5258K, committed 5376K, reserved 1048576K
}
Event: 17.033 GC heap after
{Heap after GC invocations=59 (full 4):
 PSYoungGen      total 38400K, used 8176K [0x00000000eab00000, 0x00000000ee480000, 0x0000000100000000)
  eden space 30208K, 0% used [0x00000000eab00000,0x00000000eab00000,0x00000000ec880000)
  from space 8192K, 99% used [0x00000000ec880000,0x00000000ed07c2d8,0x00000000ed080000)
  to   space 13312K, 0% used [0x00000000ed780000,0x00000000ed780000,0x00000000ee480000)
 ParOldGen       total 186368K, used 177545K [0x00000000c0000000, 0x00000000cb600000, 0x00000000eab00000)
  object space 186368K, 95% used [0x00000000c0000000,0x00000000cad62630,0x00000000cb600000)
 Metaspace       used 41429K, capacity 43765K, committed 44032K, reserved 1087488K
  class space    used 4419K, capacity 5258K, committed 5376K, reserved 1048576K
}
Event: 17.808 GC heap before
{Heap before GC invocations=60 (full 4):
 PSYoungGen      total 38400K, used 38384K [0x00000000eab00000, 0x00000000ee480000, 0x0000000100000000)
  eden space 30208K, 100% used [0x00000000eab00000,0x00000000ec880000,0x00000000ec880000)
  from space 8192K, 99% used [0x00000000ec880000,0x00000000ed07c2d8,0x00000000ed080000)
  to   space 13312K, 0% used [0x00000000ed780000,0x00000000ed780000,0x00000000ee480000)
 ParOldGen       total 186368K, used 177545K [0x00000000c0000000, 0x00000000cb600000, 0x00000000eab00000)
  object space 186368K, 95% used [0x00000000c0000000,0x00000000cad62630,0x00000000cb600000)
 Metaspace       used 41429K, capacity 43765K, committed 44032K, reserved 1087488K
  class space    used 4419K, capacity 5258K, committed 5376K, reserved 1048576K
}
Event: 19.196 GC heap after
{Heap after GC invocations=60 (full 4):
 PSYoungGen      total 41472K, used 6950K [0x00000000eab00000, 0x00000000ede80000, 0x0000000100000000)
  eden space 34304K, 0% used [0x00000000eab00000,0x00000000eab00000,0x00000000ecc80000)
  from space 7168K, 96% used [0x00000000ed780000,0x00000000ede49900,0x00000000ede80000)
  to   space 9216K, 0% used [0x00000000ecc80000,0x00000000ecc80000,0x00000000ed580000)
 ParOldGen       total 186368K, used 185672K [0x00000000c0000000, 0x00000000cb600000, 0x00000000eab00000)
  object space 186368K, 99% used [0x00000000c0000000,0x00000000cb5521a0,0x00000000cb600000)
 Metaspace       used 41429K, capacity 43765K, committed 44032K, reserved 1087488K
  class space    used 4419K, capacity 5258K, committed 5376K, reserved 1048576K
}
Event: 19.233 GC heap before
{Heap before GC invocations=61 (full 5):
 PSYoungGen      total 41472K, used 6950K [0x00000000eab00000, 0x00000000ede80000, 0x0000000100000000)
  eden space 34304K, 0% used [0x00000000eab00000,0x00000000eab00000,0x00000000ecc80000)
  from space 7168K, 96% used [0x00000000ed780000,0x00000000ede49900,0x00000000ede80000)
  to   space 9216K, 0% used [0x00000000ecc80000,0x00000000ecc80000,0x00000000ed580000)
 ParOldGen       total 186368K, used 185672K [0x00000000c0000000, 0x00000000cb600000, 0x00000000eab00000)
  object space 186368K, 99% used [0x00000000c0000000,0x00000000cb5521a0,0x00000000cb600000)
 Metaspace       used 41429K, capacity 43765K, committed 44032K, reserved 1087488K
  class space    used 4419K, capacity 5258K, committed 5376K, reserved 1048576K
}

